<?xml version="1.0" encoding="UTF-8"?>
<!-- Generated by org.testng.reporters.JUnitReportReporter -->
<testsuite hostname="LAPTOP-4J6G5549" failures="0" tests="2" name="tests.TestExamples" time="2.568" errors="0" timestamp="2023-07-13T16:05:11 GMT-04:00" skipped="0">
  <testcase classname="tests.TestExamples" name="test_2" time="0.892"/>
  <testcase classname="tests.TestExamples" name="test_1" time="1.676"/>
</testsuite> <!-- tests.TestExamples -->
